生成启动时间为 2015/7/13 21:37:21。
     1>项目“E:\大一小学期\A\矩阵\矩阵\矩阵.vcxproj”在节点 2 上(build 个目标)。
     1>InitializeBuildStatus:
         正在创建“Debug\矩阵.unsuccessfulbuild”，因为已指定“AlwaysCreate”。
       ClCompile:
         f:\vs2010\VC\bin\CL.exe /c /ZI /nologo /W3 /WX- /Od /Oy- /D WIN32 /D _DEBUG /D _CONSOLE /D _UNICODE /D UNICODE /Gm /EHsc /RTC1 /MDd /GS /fp:precise /Zc:wchar_t /Zc:forScope /Fo"Debug\\" /Fd"Debug\vc100.pdb" /Gd /TP /analyze- /errorReport:prompt main.cpp
         main.cpp
       ManifestResourceCompile:
         所有输出均为最新。
       Link:
         f:\vs2010\VC\bin\link.exe /ERRORREPORT:PROMPT /OUT:"E:\大一小学期\A\矩阵\Debug\矩阵.exe" /INCREMENTAL /NOLOGO kernel32.lib user32.lib gdi32.lib winspool.lib comdlg32.lib advapi32.lib shell32.lib ole32.lib oleaut32.lib uuid.lib odbc32.lib odbccp32.lib /MANIFEST /ManifestFile:"Debug\矩阵.exe.intermediate.manifest" /MANIFESTUAC:"level='asInvoker' uiAccess='false'" /DEBUG /PDB:"E:\大一小学期\A\矩阵\Debug\矩阵.pdb" /SUBSYSTEM:CONSOLE /TLBID:1 /DYNAMICBASE /NXCOMPAT /IMPLIB:"E:\大一小学期\A\矩阵\Debug\矩阵.lib" /MACHINE:X86 "Debug\矩阵.exe.embed.manifest.res"
         Debug\friendfunctions.obj
         Debug\main.obj
         Debug\matrix.obj
       Manifest:
         C:\Program Files (x86)\Microsoft SDKs\Windows\v7.0A\bin\mt.exe /nologo /verbose /out:"Debug\矩阵.exe.embed.manifest" /manifest "Debug\矩阵.exe.intermediate.manifest"
         所有输出均为最新。
       LinkEmbedManifest:
         所有输出均为最新。
         矩阵.vcxproj -> E:\大一小学期\A\矩阵\Debug\矩阵.exe
       FinalizeBuildStatus:
         正在删除文件“Debug\矩阵.unsuccessfulbuild”。
         正在对“Debug\矩阵.lastbuildstate”执行 Touch 任务。
     1>已完成生成项目“E:\大一小学期\A\矩阵\矩阵\矩阵.vcxproj”(build 个目标)的操作。

生成成功。

已用时间 00:00:01.38
