生成启动时间为 2015/3/4 12:54:57。
     1>项目“F:\c++\main\main\main.vcxproj”在节点 2 上(build 个目标)。
     1>PrepareForBuild:
         正在创建目录“F:\c++\main\Debug\”。
       InitializeBuildStatus:
         正在创建“Debug\main.unsuccessfulbuild”，因为已指定“AlwaysCreate”。
       ClCompile:
         f:\vs2010\VC\bin\CL.exe /c /ZI /nologo /W3 /WX- /Od /Oy- /D WIN32 /D _DEBUG /D _CONSOLE /D _UNICODE /D UNICODE /Gm /EHsc /RTC1 /MDd /GS /fp:precise /Zc:wchar_t /Zc:forScope /Fo"Debug\\" /Fd"Debug\vc100.pdb" /Gd /TP /analyze- /errorReport:prompt work1.cpp
         work1.cpp
       ManifestResourceCompile:
         C:\Program Files (x86)\Microsoft SDKs\Windows\v7.0A\bin\rc.exe /nologo /fo"Debug\main.exe.embed.manifest.res" Debug\main_manifest.rc 
       Link:
         f:\vs2010\VC\bin\link.exe /ERRORREPORT:PROMPT /OUT:"F:\c++\main\Debug\main.exe" /INCREMENTAL /NOLOGO kernel32.lib user32.lib gdi32.lib winspool.lib comdlg32.lib advapi32.lib shell32.lib ole32.lib oleaut32.lib uuid.lib odbc32.lib odbccp32.lib /MANIFEST /ManifestFile:"Debug\main.exe.intermediate.manifest" /MANIFESTUAC:"level='asInvoker' uiAccess='false'" /DEBUG /PDB:"F:\c++\main\Debug\main.pdb" /SUBSYSTEM:CONSOLE /TLBID:1 /DYNAMICBASE /NXCOMPAT /IMPLIB:"F:\c++\main\Debug\main.lib" /MACHINE:X86 Debug\main.exe.embed.manifest.res
         Debug\work1.obj
       Manifest:
         C:\Program Files (x86)\Microsoft SDKs\Windows\v7.0A\bin\mt.exe /nologo /verbose /out:"Debug\main.exe.embed.manifest" /manifest Debug\main.exe.intermediate.manifest
         C:\Program Files (x86)\Microsoft SDKs\Windows\v7.0A\bin\rc.exe /nologo /fo"Debug\main.exe.embed.manifest.res" Debug\main_manifest.rc 
       LinkEmbedManifest:
         f:\vs2010\VC\bin\link.exe /ERRORREPORT:PROMPT /OUT:"F:\c++\main\Debug\main.exe" /INCREMENTAL /NOLOGO kernel32.lib user32.lib gdi32.lib winspool.lib comdlg32.lib advapi32.lib shell32.lib ole32.lib oleaut32.lib uuid.lib odbc32.lib odbccp32.lib /MANIFEST /ManifestFile:"Debug\main.exe.intermediate.manifest" /MANIFESTUAC:"level='asInvoker' uiAccess='false'" /DEBUG /PDB:"F:\c++\main\Debug\main.pdb" /SUBSYSTEM:CONSOLE /TLBID:1 /DYNAMICBASE /NXCOMPAT /IMPLIB:"F:\c++\main\Debug\main.lib" /MACHINE:X86 Debug\main.exe.embed.manifest.res
         Debug\work1.obj
         main.vcxproj -> F:\c++\main\Debug\main.exe
       FinalizeBuildStatus:
         正在删除文件“Debug\main.unsuccessfulbuild”。
         正在对“Debug\main.lastbuildstate”执行 Touch 任务。
     1>已完成生成项目“F:\c++\main\main\main.vcxproj”(build 个目标)的操作。

生成成功。

已用时间 00:00:08.81
