F:\C++\作业5\DEBUG\作业5.EXE
F:\C++\作业5\DEBUG\作业5.ILK
F:\C++\作业5\DEBUG\作业5.PDB
F:\c++\作业5\作业5\Debug\cl.command.1.tlog
F:\c++\作业5\作业5\Debug\CL.read.1.tlog
F:\c++\作业5\作业5\Debug\CL.write.1.tlog
F:\C++\作业5\作业5\DEBUG\LINE.OBJ
F:\c++\作业5\作业5\Debug\link.7644.read.1.tlog
F:\c++\作业5\作业5\Debug\link.7644.write.1.tlog
F:\c++\作业5\作业5\Debug\link.7644-cvtres.read.1.tlog
F:\c++\作业5\作业5\Debug\link.7644-cvtres.write.1.tlog
F:\c++\作业5\作业5\Debug\link.command.1.tlog
F:\c++\作业5\作业5\Debug\link.read.1.tlog
F:\c++\作业5\作业5\Debug\link.write.1.tlog
F:\c++\作业5\作业5\Debug\link-cvtres.read.1.tlog
F:\c++\作业5\作业5\Debug\link-cvtres.write.1.tlog
F:\C++\作业5\作业5\DEBUG\MAIN.OBJ
F:\c++\作业5\作业5\Debug\mt.command.1.tlog
F:\c++\作业5\作业5\Debug\mt.read.1.tlog
F:\c++\作业5\作业5\Debug\mt.write.1.tlog
F:\c++\作业5\作业5\Debug\rc.command.1.tlog
F:\c++\作业5\作业5\Debug\rc.read.1.tlog
F:\c++\作业5\作业5\Debug\rc.write.1.tlog
F:\c++\作业5\作业5\Debug\vc100.idb
F:\C++\作业5\作业5\DEBUG\VC100.PDB
F:\C++\作业5\作业5\DEBUG\作业5.EXE.EMBED.MANIFEST
F:\C++\作业5\作业5\DEBUG\作业5.EXE.EMBED.MANIFEST.RES
F:\C++\作业5\作业5\DEBUG\作业5.EXE.INTERMEDIATE.MANIFEST
F:\c++\作业5\作业5\Debug\作业5.write.1.tlog
F:\c++\作业5\作业5\Debug\作业5_manifest.rc
