C:\USERS\ADMINISTRATOR\DESKTOP\新建文件夹\阶乘\DEBUG\阶乘.EXE
C:\USERS\ADMINISTRATOR\DESKTOP\新建文件夹\阶乘\DEBUG\阶乘.ILK
C:\USERS\ADMINISTRATOR\DESKTOP\新建文件夹\阶乘\DEBUG\阶乘.PDB
C:\USERS\ADMINISTRATOR\DESKTOP\新建文件夹\阶乘\阶乘\DEBUG\MAIN.OBJ
C:\USERS\ADMINISTRATOR\DESKTOP\新建文件夹\阶乘\阶乘\DEBUG\MUL.OBJ
C:\USERS\ADMINISTRATOR\DESKTOP\新建文件夹\阶乘\阶乘\DEBUG\VC100.PDB
C:\USERS\ADMINISTRATOR\DESKTOP\新建文件夹\阶乘\阶乘\DEBUG\阶乘.EXE.EMBED.MANIFEST
C:\USERS\ADMINISTRATOR\DESKTOP\新建文件夹\阶乘\阶乘\DEBUG\阶乘.EXE.EMBED.MANIFEST.RES
C:\USERS\ADMINISTRATOR\DESKTOP\新建文件夹\阶乘\阶乘\DEBUG\阶乘.EXE.INTERMEDIATE.MANIFEST
C:\USERS\孟\DESKTOP\MENG\阶乘\DEBUG\阶乘.EXE
C:\USERS\孟\DESKTOP\MENG\阶乘\DEBUG\阶乘.ILK
C:\USERS\孟\DESKTOP\MENG\阶乘\DEBUG\阶乘.PDB
C:\USERS\孟\DESKTOP\MENG\阶乘\阶乘\DEBUG\MAIN.OBJ
C:\USERS\孟\DESKTOP\MENG\阶乘\阶乘\DEBUG\MUL.OBJ
C:\USERS\孟\DESKTOP\MENG\阶乘\阶乘\DEBUG\VC100.PDB
C:\USERS\孟\DESKTOP\MENG\阶乘\阶乘\DEBUG\阶乘.EXE.EMBED.MANIFEST.RES
C:\USERS\孟\DESKTOP\MENG\阶乘\阶乘\DEBUG\阶乘.EXE.INTERMEDIATE.MANIFEST
E:\大一小学期\A\阶乘\Debug\阶乘.exe
E:\大一小学期\A\阶乘\Debug\阶乘.ilk
E:\大一小学期\A\阶乘\Debug\阶乘.pdb
E:\大一小学期\A\阶乘\阶乘\Debug\cl.command.1.tlog
E:\大一小学期\A\阶乘\阶乘\Debug\CL.read.1.tlog
E:\大一小学期\A\阶乘\阶乘\Debug\CL.write.1.tlog
E:\大一小学期\A\阶乘\阶乘\Debug\link.6992.read.1.tlog
E:\大一小学期\A\阶乘\阶乘\Debug\link.6992.write.1.tlog
E:\大一小学期\A\阶乘\阶乘\Debug\link.6992-cvtres.read.1.tlog
E:\大一小学期\A\阶乘\阶乘\Debug\link.6992-cvtres.write.1.tlog
E:\大一小学期\A\阶乘\阶乘\Debug\link.command.1.tlog
E:\大一小学期\A\阶乘\阶乘\Debug\link.read.1.tlog
E:\大一小学期\A\阶乘\阶乘\Debug\link.write.1.tlog
E:\大一小学期\A\阶乘\阶乘\Debug\link-cvtres.read.1.tlog
E:\大一小学期\A\阶乘\阶乘\Debug\link-cvtres.write.1.tlog
E:\大一小学期\A\阶乘\阶乘\Debug\main.obj
E:\大一小学期\A\阶乘\阶乘\Debug\mt.command.1.tlog
E:\大一小学期\A\阶乘\阶乘\Debug\mt.read.1.tlog
E:\大一小学期\A\阶乘\阶乘\Debug\mt.write.1.tlog
E:\大一小学期\A\阶乘\阶乘\Debug\mul.obj
E:\大一小学期\A\阶乘\阶乘\Debug\rc.command.1.tlog
E:\大一小学期\A\阶乘\阶乘\Debug\rc.read.1.tlog
E:\大一小学期\A\阶乘\阶乘\Debug\rc.write.1.tlog
E:\大一小学期\A\阶乘\阶乘\Debug\vc100.idb
E:\大一小学期\A\阶乘\阶乘\Debug\vc100.pdb
E:\大一小学期\A\阶乘\阶乘\Debug\阶乘.exe.embed.manifest
E:\大一小学期\A\阶乘\阶乘\Debug\阶乘.exe.embed.manifest.res
E:\大一小学期\A\阶乘\阶乘\Debug\阶乘.exe.intermediate.manifest
E:\大一小学期\A\阶乘\阶乘\Debug\阶乘.vcxprojResolveAssemblyReference.cache
E:\大一小学期\A\阶乘\阶乘\Debug\阶乘.write.1.tlog
E:\大一小学期\A\阶乘\阶乘\Debug\阶乘_manifest.rc
