F:\C++\作业4\DEBUG\作业4.EXE
F:\C++\作业4\DEBUG\作业4.ILK
F:\C++\作业4\DEBUG\作业4.PDB
F:\c++\作业4\作业4\Debug\cl.command.1.tlog
F:\c++\作业4\作业4\Debug\CL.read.1.tlog
F:\c++\作业4\作业4\Debug\CL.write.1.tlog
F:\c++\作业4\作业4\Debug\link.7784.read.1.tlog
F:\c++\作业4\作业4\Debug\link.7784.write.1.tlog
F:\c++\作业4\作业4\Debug\link.7784-cvtres.read.1.tlog
F:\c++\作业4\作业4\Debug\link.7784-cvtres.write.1.tlog
F:\c++\作业4\作业4\Debug\link.command.1.tlog
F:\c++\作业4\作业4\Debug\link.read.1.tlog
F:\c++\作业4\作业4\Debug\link.write.1.tlog
F:\c++\作业4\作业4\Debug\link-cvtres.read.1.tlog
F:\c++\作业4\作业4\Debug\link-cvtres.write.1.tlog
F:\C++\作业4\作业4\DEBUG\MAIN.OBJ
F:\c++\作业4\作业4\Debug\mt.command.1.tlog
F:\c++\作业4\作业4\Debug\mt.read.1.tlog
F:\c++\作业4\作业4\Debug\mt.write.1.tlog
F:\C++\作业4\作业4\DEBUG\POINT.OBJ
F:\c++\作业4\作业4\Debug\rc.command.1.tlog
F:\c++\作业4\作业4\Debug\rc.read.1.tlog
F:\c++\作业4\作业4\Debug\rc.write.1.tlog
F:\c++\作业4\作业4\Debug\vc100.idb
F:\C++\作业4\作业4\DEBUG\VC100.PDB
F:\C++\作业4\作业4\DEBUG\作业4.EXE.EMBED.MANIFEST
F:\C++\作业4\作业4\DEBUG\作业4.EXE.EMBED.MANIFEST.RES
F:\C++\作业4\作业4\DEBUG\作业4.EXE.INTERMEDIATE.MANIFEST
F:\c++\作业4\作业4\Debug\作业4.write.1.tlog
F:\c++\作业4\作业4\Debug\作业4_manifest.rc
