C:\USERS\孟\DESKTOP\DEBUG\POINT.EXE
C:\USERS\孟\DESKTOP\DEBUG\POINT.ILK
C:\USERS\孟\DESKTOP\DEBUG\POINT.PDB
C:\Users\孟\Desktop\梦\line\point\Debug\cl.command.1.tlog
C:\Users\孟\Desktop\梦\line\point\Debug\CL.read.1.tlog
C:\Users\孟\Desktop\梦\line\point\Debug\CL.write.1.tlog
C:\USERS\孟\DESKTOP\梦\LINE\POINT\DEBUG\LINE.OBJ
C:\Users\孟\Desktop\梦\line\point\Debug\link.5936.read.1.tlog
C:\Users\孟\Desktop\梦\line\point\Debug\link.5936.write.1.tlog
C:\Users\孟\Desktop\梦\line\point\Debug\link.5936-cvtres.read.1.tlog
C:\Users\孟\Desktop\梦\line\point\Debug\link.5936-cvtres.write.1.tlog
C:\Users\孟\Desktop\梦\line\point\Debug\link.command.1.tlog
C:\Users\孟\Desktop\梦\line\point\Debug\link.read.1.tlog
C:\Users\孟\Desktop\梦\line\point\Debug\link.write.1.tlog
C:\Users\孟\Desktop\梦\line\point\Debug\link-cvtres.read.1.tlog
C:\Users\孟\Desktop\梦\line\point\Debug\link-cvtres.write.1.tlog
C:\USERS\孟\DESKTOP\梦\LINE\POINT\DEBUG\MAIN.OBJ
C:\Users\孟\Desktop\梦\line\point\Debug\mt.command.1.tlog
C:\Users\孟\Desktop\梦\line\point\Debug\mt.read.1.tlog
C:\Users\孟\Desktop\梦\line\point\Debug\mt.write.1.tlog
C:\USERS\孟\DESKTOP\梦\LINE\POINT\DEBUG\POINT.EXE.EMBED.MANIFEST
C:\USERS\孟\DESKTOP\梦\LINE\POINT\DEBUG\POINT.EXE.EMBED.MANIFEST.RES
C:\USERS\孟\DESKTOP\梦\LINE\POINT\DEBUG\POINT.EXE.INTERMEDIATE.MANIFEST
C:\USERS\孟\DESKTOP\梦\LINE\POINT\DEBUG\POINT.OBJ
C:\Users\孟\Desktop\梦\line\point\Debug\point.write.1.tlog
C:\Users\孟\Desktop\梦\line\point\Debug\point_manifest.rc
C:\Users\孟\Desktop\梦\line\point\Debug\rc.command.1.tlog
C:\Users\孟\Desktop\梦\line\point\Debug\rc.read.1.tlog
C:\Users\孟\Desktop\梦\line\point\Debug\rc.write.1.tlog
C:\Users\孟\Desktop\梦\line\point\Debug\vc100.idb
C:\USERS\孟\DESKTOP\梦\LINE\POINT\DEBUG\VC100.PDB
