生成启动时间为 2015/3/27 13:50:08。
     1>项目“C:\Users\孟\Desktop\梦\line\point\point.vcxproj”在节点 2 上(rebuild 个目标)。
     1>_PrepareForClean:
         正在删除文件“Debug\point.lastbuildstate”。
       InitializeBuildStatus:
         正在创建“Debug\point.unsuccessfulbuild”，因为已指定“AlwaysCreate”。
       ClCompile:
         f:\vs2010\VC\bin\CL.exe /c /ZI /nologo /W3 /WX- /Od /Oy- /D WIN32 /D _DEBUG /D _CONSOLE /D _UNICODE /D UNICODE /Gm /EHsc /RTC1 /MDd /GS /fp:precise /Zc:wchar_t /Zc:forScope /Fo"Debug\\" /Fd"Debug\vc100.pdb" /Gd /TP /analyze- /errorReport:prompt line.cpp main.cpp point.cpp
         point.cpp
         main.cpp
         line.cpp
         正在生成代码...
       ManifestResourceCompile:
         C:\Program Files (x86)\Microsoft SDKs\Windows\v7.0A\bin\rc.exe /nologo /fo"Debug\point.exe.embed.manifest.res" Debug\point_manifest.rc 
       Link:
         f:\vs2010\VC\bin\link.exe /ERRORREPORT:PROMPT /OUT:"C:\Users\孟\Desktop\Debug\point.exe" /INCREMENTAL /NOLOGO kernel32.lib user32.lib gdi32.lib winspool.lib comdlg32.lib advapi32.lib shell32.lib ole32.lib oleaut32.lib uuid.lib odbc32.lib odbccp32.lib /MANIFEST /ManifestFile:"Debug\point.exe.intermediate.manifest" /MANIFESTUAC:"level='asInvoker' uiAccess='false'" /DEBUG /PDB:"C:\Users\孟\Desktop\Debug\point.pdb" /SUBSYSTEM:CONSOLE /TLBID:1 /DYNAMICBASE /NXCOMPAT /IMPLIB:"C:\Users\孟\Desktop\Debug\point.lib" /MACHINE:X86 Debug\point.exe.embed.manifest.res
         Debug\line.obj
         Debug\main.obj
         Debug\point.obj
       Manifest:
         正在删除文件“Debug\point.exe.embed.manifest”。
         C:\Program Files (x86)\Microsoft SDKs\Windows\v7.0A\bin\mt.exe /nologo /verbose /out:"Debug\point.exe.embed.manifest" /manifest Debug\point.exe.intermediate.manifest
         C:\Program Files (x86)\Microsoft SDKs\Windows\v7.0A\bin\rc.exe /nologo /fo"Debug\point.exe.embed.manifest.res" Debug\point_manifest.rc 
       LinkEmbedManifest:
         f:\vs2010\VC\bin\link.exe /ERRORREPORT:PROMPT /OUT:"C:\Users\孟\Desktop\Debug\point.exe" /INCREMENTAL /NOLOGO kernel32.lib user32.lib gdi32.lib winspool.lib comdlg32.lib advapi32.lib shell32.lib ole32.lib oleaut32.lib uuid.lib odbc32.lib odbccp32.lib /MANIFEST /ManifestFile:"Debug\point.exe.intermediate.manifest" /MANIFESTUAC:"level='asInvoker' uiAccess='false'" /DEBUG /PDB:"C:\Users\孟\Desktop\Debug\point.pdb" /SUBSYSTEM:CONSOLE /TLBID:1 /DYNAMICBASE /NXCOMPAT /IMPLIB:"C:\Users\孟\Desktop\Debug\point.lib" /MACHINE:X86 Debug\point.exe.embed.manifest.res
         Debug\line.obj
         Debug\main.obj
         Debug\point.obj
         point.vcxproj -> C:\Users\孟\Desktop\Debug\point.exe
       FinalizeBuildStatus:
         正在删除文件“Debug\point.unsuccessfulbuild”。
         正在对“Debug\point.lastbuildstate”执行 Touch 任务。
     1>已完成生成项目“C:\Users\孟\Desktop\梦\line\point\point.vcxproj”(rebuild 个目标)的操作。

生成成功。

已用时间 00:00:04.10
