C:\USERS\孟\DESKTOP\VECTOR\VECTOR\DEBUG\VECTOR.EXE
C:\USERS\孟\DESKTOP\VECTOR\VECTOR\DEBUG\VECTOR.ILK
C:\USERS\孟\DESKTOP\VECTOR\VECTOR\DEBUG\VECTOR.PDB
C:\Users\孟\Desktop\vector\vector\vector\Debug\cl.command.1.tlog
C:\Users\孟\Desktop\vector\vector\vector\Debug\CL.read.1.tlog
C:\Users\孟\Desktop\vector\vector\vector\Debug\CL.write.1.tlog
C:\USERS\孟\DESKTOP\VECTOR\VECTOR\VECTOR\DEBUG\FRIENDFUNCTIONS.OBJ
C:\Users\孟\Desktop\vector\vector\vector\Debug\link.6376.read.1.tlog
C:\Users\孟\Desktop\vector\vector\vector\Debug\link.6376.write.1.tlog
C:\Users\孟\Desktop\vector\vector\vector\Debug\link.6376-cvtres.read.1.tlog
C:\Users\孟\Desktop\vector\vector\vector\Debug\link.6376-cvtres.write.1.tlog
C:\Users\孟\Desktop\vector\vector\vector\Debug\link.command.1.tlog
C:\Users\孟\Desktop\vector\vector\vector\Debug\link.read.1.tlog
C:\Users\孟\Desktop\vector\vector\vector\Debug\link.write.1.tlog
C:\Users\孟\Desktop\vector\vector\vector\Debug\link-cvtres.read.1.tlog
C:\Users\孟\Desktop\vector\vector\vector\Debug\link-cvtres.write.1.tlog
C:\USERS\孟\DESKTOP\VECTOR\VECTOR\VECTOR\DEBUG\MAIN.OBJ
C:\Users\孟\Desktop\vector\vector\vector\Debug\mt.command.1.tlog
C:\Users\孟\Desktop\vector\vector\vector\Debug\mt.read.1.tlog
C:\Users\孟\Desktop\vector\vector\vector\Debug\mt.write.1.tlog
C:\Users\孟\Desktop\vector\vector\vector\Debug\rc.command.1.tlog
C:\Users\孟\Desktop\vector\vector\vector\Debug\rc.read.1.tlog
C:\Users\孟\Desktop\vector\vector\vector\Debug\rc.write.1.tlog
C:\USERS\孟\DESKTOP\VECTOR\VECTOR\VECTOR\DEBUG\TARRAY.OBJ
C:\Users\孟\Desktop\vector\vector\vector\Debug\vc100.idb
C:\USERS\孟\DESKTOP\VECTOR\VECTOR\VECTOR\DEBUG\VC100.PDB
C:\USERS\孟\DESKTOP\VECTOR\VECTOR\VECTOR\DEBUG\VECTOR.EXE.EMBED.MANIFEST
C:\USERS\孟\DESKTOP\VECTOR\VECTOR\VECTOR\DEBUG\VECTOR.EXE.EMBED.MANIFEST.RES
C:\USERS\孟\DESKTOP\VECTOR\VECTOR\VECTOR\DEBUG\VECTOR.EXE.INTERMEDIATE.MANIFEST
C:\Users\孟\Desktop\vector\vector\vector\Debug\vector.write.1.tlog
C:\Users\孟\Desktop\vector\vector\vector\Debug\vector_manifest.rc
