C:\USERS\ADMINISTRATOR\DESKTOP\猜数字\DEBUG\猜数字.EXE
C:\USERS\ADMINISTRATOR\DESKTOP\猜数字\DEBUG\猜数字.ILK
C:\USERS\ADMINISTRATOR\DESKTOP\猜数字\DEBUG\猜数字.PDB
C:\Users\Administrator\Desktop\猜数字\猜数字\Debug\cl.command.1.tlog
C:\Users\Administrator\Desktop\猜数字\猜数字\Debug\CL.read.1.tlog
C:\Users\Administrator\Desktop\猜数字\猜数字\Debug\CL.write.1.tlog
C:\USERS\ADMINISTRATOR\DESKTOP\猜数字\猜数字\DEBUG\JUDGENUMBER.OBJ
C:\Users\Administrator\Desktop\猜数字\猜数字\Debug\link.command.1.tlog
C:\Users\Administrator\Desktop\猜数字\猜数字\Debug\link.read.1.tlog
C:\Users\Administrator\Desktop\猜数字\猜数字\Debug\link.write.1.tlog
C:\Users\Administrator\Desktop\猜数字\猜数字\Debug\link-cvtres.read.1.tlog
C:\Users\Administrator\Desktop\猜数字\猜数字\Debug\link-cvtres.write.1.tlog
C:\USERS\ADMINISTRATOR\DESKTOP\猜数字\猜数字\DEBUG\MAIN.OBJ
C:\Users\Administrator\Desktop\猜数字\猜数字\Debug\mt.command.1.tlog
C:\Users\Administrator\Desktop\猜数字\猜数字\Debug\mt.read.1.tlog
C:\Users\Administrator\Desktop\猜数字\猜数字\Debug\mt.write.1.tlog
C:\Users\Administrator\Desktop\猜数字\猜数字\Debug\rc.command.1.tlog
C:\Users\Administrator\Desktop\猜数字\猜数字\Debug\rc.read.1.tlog
C:\Users\Administrator\Desktop\猜数字\猜数字\Debug\rc.write.1.tlog
C:\Users\Administrator\Desktop\猜数字\猜数字\Debug\vc100.idb
C:\USERS\ADMINISTRATOR\DESKTOP\猜数字\猜数字\DEBUG\VC100.PDB
C:\USERS\ADMINISTRATOR\DESKTOP\猜数字\猜数字\DEBUG\猜数字.EXE.EMBED.MANIFEST
C:\USERS\ADMINISTRATOR\DESKTOP\猜数字\猜数字\DEBUG\猜数字.EXE.EMBED.MANIFEST.RES
C:\USERS\ADMINISTRATOR\DESKTOP\猜数字\猜数字\DEBUG\猜数字.EXE.INTERMEDIATE.MANIFEST
C:\Users\Administrator\Desktop\猜数字\猜数字\Debug\猜数字_manifest.rc
