生成启动时间为 2015/7/11 8:50:38。
     1>项目“E:\meng\猜数字\猜数字\猜数字.vcxproj”在节点 2 上(build 个目标)。
     1>InitializeBuildStatus:
         正在创建“Debug\猜数字.unsuccessfulbuild”，因为已指定“AlwaysCreate”。
       ClCompile:
         C:\Program Files\Microsoft Visual Studio 10.0\VC\bin\CL.exe /c /ZI /nologo /W3 /WX- /Od /Oy- /D WIN32 /D _DEBUG /D _CONSOLE /D _UNICODE /D UNICODE /Gm /EHsc /RTC1 /MDd /GS /fp:precise /Zc:wchar_t /Zc:forScope /Fo"Debug\\" /Fd"Debug\vc100.pdb" /Gd /TP /analyze- /errorReport:prompt judgenumber.cpp main.cpp
         main.cpp
         judgenumber.cpp
         正在生成代码...
       ManifestResourceCompile:
         C:\Program Files\Microsoft SDKs\Windows\v7.0A\bin\rc.exe /nologo /fo"Debug\猜数字.exe.embed.manifest.res" "Debug\猜数字_manifest.rc" 
       Link:
         C:\Program Files\Microsoft Visual Studio 10.0\VC\bin\link.exe /ERRORREPORT:PROMPT /OUT:"E:\meng\猜数字\Debug\猜数字.exe" /INCREMENTAL /NOLOGO kernel32.lib user32.lib gdi32.lib winspool.lib comdlg32.lib advapi32.lib shell32.lib ole32.lib oleaut32.lib uuid.lib odbc32.lib odbccp32.lib /MANIFEST /ManifestFile:"Debug\猜数字.exe.intermediate.manifest" /MANIFESTUAC:"level='asInvoker' uiAccess='false'" /DEBUG /PDB:"E:\meng\猜数字\Debug\猜数字.pdb" /SUBSYSTEM:CONSOLE /TLBID:1 /DYNAMICBASE /NXCOMPAT /IMPLIB:"E:\meng\猜数字\Debug\猜数字.lib" /MACHINE:X86 "Debug\猜数字.exe.embed.manifest.res"
         Debug\judgenumber.obj
         Debug\main.obj
         LINK : 没有找到 E:\meng\猜数字\Debug\猜数字.exe 或上一个增量链接没有生成它；正在执行完全链接
       Manifest:
         C:\Program Files\Microsoft SDKs\Windows\v7.0A\bin\mt.exe /nologo /verbose /out:"Debug\猜数字.exe.embed.manifest" /manifest "Debug\猜数字.exe.intermediate.manifest"
         所有输出均为最新。
       LinkEmbedManifest:
         所有输出均为最新。
         猜数字.vcxproj -> E:\meng\猜数字\Debug\猜数字.exe
       FinalizeBuildStatus:
         正在删除文件“Debug\猜数字.unsuccessfulbuild”。
         正在对“Debug\猜数字.lastbuildstate”执行 Touch 任务。
     1>已完成生成项目“E:\meng\猜数字\猜数字\猜数字.vcxproj”(build 个目标)的操作。

生成成功。

已用时间 00:00:28.82
