生成启动时间为 2015/7/12 13:29:10。
     1>项目“C:\Users\孟\Desktop\20142862孟祥通\学生成绩管理程序\学生成绩管理程序\学生成绩管理程序.vcxproj”在节点 2 上(build 个目标)。
     1>InitializeBuildStatus:
         正在创建“Debug\学生成绩管理程序.unsuccessfulbuild”，因为已指定“AlwaysCreate”。
       ClCompile:
         f:\vs2010\VC\bin\CL.exe /c /ZI /nologo /W3 /WX- /Od /Oy- /D WIN32 /D _DEBUG /D _CONSOLE /D _UNICODE /D UNICODE /Gm /EHsc /RTC1 /MDd /GS /fp:precise /Zc:wchar_t /Zc:forScope /Fo"Debug\\" /Fd"Debug\vc100.pdb" /Gd /TP /analyze- /errorReport:prompt main.cpp score.cpp
         score.cpp
         正在生成代码...
         正在编译...
         main.cpp
         正在生成代码...
       ManifestResourceCompile:
         所有输出均为最新。
       Link:
         f:\vs2010\VC\bin\link.exe /ERRORREPORT:PROMPT /OUT:"C:\Users\孟\Desktop\20142862孟祥通\学生成绩管理程序\Debug\学生成绩管理程序.exe" /INCREMENTAL /NOLOGO kernel32.lib user32.lib gdi32.lib winspool.lib comdlg32.lib advapi32.lib shell32.lib ole32.lib oleaut32.lib uuid.lib odbc32.lib odbccp32.lib /MANIFEST /ManifestFile:"Debug\学生成绩管理程序.exe.intermediate.manifest" /MANIFESTUAC:"level='asInvoker' uiAccess='false'" /DEBUG /PDB:"C:\Users\孟\Desktop\20142862孟祥通\学生成绩管理程序\Debug\学生成绩管理程序.pdb" /SUBSYSTEM:CONSOLE /TLBID:1 /DYNAMICBASE /NXCOMPAT /IMPLIB:"C:\Users\孟\Desktop\20142862孟祥通\学生成绩管理程序\Debug\学生成绩管理程序.lib" /MACHINE:X86 "Debug\学生成绩管理程序.exe.embed.manifest.res"
         Debug\main.obj
         Debug\score.obj
       Manifest:
         C:\Program Files (x86)\Microsoft SDKs\Windows\v7.0A\bin\mt.exe /nologo /verbose /out:"Debug\学生成绩管理程序.exe.embed.manifest" /manifest "Debug\学生成绩管理程序.exe.intermediate.manifest"
         所有输出均为最新。
       LinkEmbedManifest:
         所有输出均为最新。
         学生成绩管理程序.vcxproj -> C:\Users\孟\Desktop\20142862孟祥通\学生成绩管理程序\Debug\学生成绩管理程序.exe
       FinalizeBuildStatus:
         正在删除文件“Debug\学生成绩管理程序.unsuccessfulbuild”。
         正在对“Debug\学生成绩管理程序.lastbuildstate”执行 Touch 任务。
     1>已完成生成项目“C:\Users\孟\Desktop\20142862孟祥通\学生成绩管理程序\学生成绩管理程序\学生成绩管理程序.vcxproj”(build 个目标)的操作。

生成成功。

已用时间 00:00:02.68
