G:\数学多功能管理系统\DEBUG\数学多功能管理系统.EXE
G:\数学多功能管理系统\DEBUG\数学多功能管理系统.ILK
G:\数学多功能管理系统\DEBUG\数学多功能管理系统.PDB
G:\数学多功能管理系统\数学多功能管理系统\Debug\cl.command.1.tlog
G:\数学多功能管理系统\数学多功能管理系统\Debug\CL.read.1.tlog
G:\数学多功能管理系统\数学多功能管理系统\Debug\CL.write.1.tlog
G:\数学多功能管理系统\数学多功能管理系统\Debug\link.4452.read.1.tlog
G:\数学多功能管理系统\数学多功能管理系统\Debug\link.4452.write.1.tlog
G:\数学多功能管理系统\数学多功能管理系统\Debug\link.4452-cvtres.read.1.tlog
G:\数学多功能管理系统\数学多功能管理系统\Debug\link.4452-cvtres.write.1.tlog
G:\数学多功能管理系统\数学多功能管理系统\Debug\link.command.1.tlog
G:\数学多功能管理系统\数学多功能管理系统\Debug\link.read.1.tlog
G:\数学多功能管理系统\数学多功能管理系统\Debug\link.write.1.tlog
G:\数学多功能管理系统\数学多功能管理系统\Debug\link-cvtres.read.1.tlog
G:\数学多功能管理系统\数学多功能管理系统\Debug\link-cvtres.write.1.tlog
G:\数学多功能管理系统\数学多功能管理系统\DEBUG\MAIN.OBJ
G:\数学多功能管理系统\数学多功能管理系统\DEBUG\MAKEUP.OBJ
G:\数学多功能管理系统\数学多功能管理系统\Debug\mt.command.1.tlog
G:\数学多功能管理系统\数学多功能管理系统\Debug\mt.read.1.tlog
G:\数学多功能管理系统\数学多功能管理系统\Debug\mt.write.1.tlog
G:\数学多功能管理系统\数学多功能管理系统\Debug\rc.command.1.tlog
G:\数学多功能管理系统\数学多功能管理系统\Debug\rc.read.1.tlog
G:\数学多功能管理系统\数学多功能管理系统\Debug\rc.write.1.tlog
G:\数学多功能管理系统\数学多功能管理系统\Debug\vc100.idb
G:\数学多功能管理系统\数学多功能管理系统\DEBUG\VC100.PDB
G:\数学多功能管理系统\数学多功能管理系统\DEBUG\数学多功能管理系统.EXE.EMBED.MANIFEST
G:\数学多功能管理系统\数学多功能管理系统\DEBUG\数学多功能管理系统.EXE.EMBED.MANIFEST.RES
G:\数学多功能管理系统\数学多功能管理系统\DEBUG\数学多功能管理系统.EXE.INTERMEDIATE.MANIFEST
G:\数学多功能管理系统\数学多功能管理系统\Debug\数学多功能管理系统.write.1.tlog
G:\数学多功能管理系统\数学多功能管理系统\Debug\数学多功能管理系统_manifest.rc
