生成启动时间为 2015/3/13 13:20:34。
     1>项目“F:\c++\作业2\作业2\作业2.vcxproj”在节点 2 上(build 个目标)。
     1>InitializeBuildStatus:
         正在创建“Debug\作业2.unsuccessfulbuild”，因为已指定“AlwaysCreate”。
       ClCompile:
         f:\vs2010\VC\bin\CL.exe /c /ZI /nologo /W3 /WX- /Od /Oy- /D WIN32 /D _DEBUG /D _CONSOLE /D _UNICODE /D UNICODE /Gm /EHsc /RTC1 /MDd /GS /fp:precise /Zc:wchar_t /Zc:forScope /Fo"Debug\\" /Fd"Debug\vc100.pdb" /Gd /TP /analyze- /errorReport:prompt main.cpp
         main.cpp
     1>f:\c++\作业2\作业2\main.cpp(21): warning C4101: “j”: 未引用的局部变量
       ManifestResourceCompile:
         所有输出均为最新。
       Link:
         f:\vs2010\VC\bin\link.exe /ERRORREPORT:PROMPT /OUT:"F:\c++\作业2\Debug\作业2.exe" /INCREMENTAL /NOLOGO kernel32.lib user32.lib gdi32.lib winspool.lib comdlg32.lib advapi32.lib shell32.lib ole32.lib oleaut32.lib uuid.lib odbc32.lib odbccp32.lib /MANIFEST /ManifestFile:"Debug\作业2.exe.intermediate.manifest" /MANIFESTUAC:"level='asInvoker' uiAccess='false'" /DEBUG /PDB:"F:\c++\作业2\Debug\作业2.pdb" /SUBSYSTEM:CONSOLE /TLBID:1 /DYNAMICBASE /NXCOMPAT /IMPLIB:"F:\c++\作业2\Debug\作业2.lib" /MACHINE:X86 "Debug\作业2.exe.embed.manifest.res"
         Debug\main.obj
       Manifest:
         C:\Program Files (x86)\Microsoft SDKs\Windows\v7.0A\bin\mt.exe /nologo /verbose /out:"Debug\作业2.exe.embed.manifest" /manifest "Debug\作业2.exe.intermediate.manifest"
         所有输出均为最新。
       LinkEmbedManifest:
         所有输出均为最新。
         作业2.vcxproj -> F:\c++\作业2\Debug\作业2.exe
       FinalizeBuildStatus:
         正在删除文件“Debug\作业2.unsuccessfulbuild”。
         正在对“Debug\作业2.lastbuildstate”执行 Touch 任务。
     1>已完成生成项目“F:\c++\作业2\作业2\作业2.vcxproj”(build 个目标)的操作。

生成成功。

已用时间 00:00:01.81
