生成启动时间为 2015/3/8 9:48:35。
     1>项目“F:\c++\2.3\2.3\2.3.vcxproj”在节点 2 上(build 个目标)。
     1>InitializeBuildStatus:
         正在创建“Debug\2.3.unsuccessfulbuild”，因为已指定“AlwaysCreate”。
       ClCompile:
         f:\vs2010\VC\bin\CL.exe /c /ZI /nologo /W3 /WX- /Od /Oy- /D WIN32 /D _DEBUG /D _CONSOLE /D _UNICODE /D UNICODE /Gm /EHsc /RTC1 /MDd /GS /fp:precise /Zc:wchar_t /Zc:forScope /Fo"Debug\\" /Fd"Debug\vc100.pdb" /Gd /TP /analyze- /errorReport:prompt zuoye.cpp
         zuoye.cpp
       ManifestResourceCompile:
         所有输出均为最新。
       Link:
         f:\vs2010\VC\bin\link.exe /ERRORREPORT:PROMPT /OUT:"F:\c++\2.3\Debug\2.3.exe" /INCREMENTAL /NOLOGO kernel32.lib user32.lib gdi32.lib winspool.lib comdlg32.lib advapi32.lib shell32.lib ole32.lib oleaut32.lib uuid.lib odbc32.lib odbccp32.lib /MANIFEST /ManifestFile:"Debug\2.3.exe.intermediate.manifest" /MANIFESTUAC:"level='asInvoker' uiAccess='false'" /DEBUG /PDB:"F:\c++\2.3\Debug\2.3.pdb" /SUBSYSTEM:CONSOLE /TLBID:1 /DYNAMICBASE /NXCOMPAT /IMPLIB:"F:\c++\2.3\Debug\2.3.lib" /MACHINE:X86 Debug\2.3.exe.embed.manifest.res
         Debug\zuoye.obj
       Manifest:
         C:\Program Files (x86)\Microsoft SDKs\Windows\v7.0A\bin\mt.exe /nologo /verbose /out:"Debug\2.3.exe.embed.manifest" /manifest Debug\2.3.exe.intermediate.manifest
         所有输出均为最新。
       LinkEmbedManifest:
         所有输出均为最新。
         2.3.vcxproj -> F:\c++\2.3\Debug\2.3.exe
       FinalizeBuildStatus:
         正在删除文件“Debug\2.3.unsuccessfulbuild”。
         正在对“Debug\2.3.lastbuildstate”执行 Touch 任务。
     1>已完成生成项目“F:\c++\2.3\2.3\2.3.vcxproj”(build 个目标)的操作。

生成成功。

已用时间 00:00:01.50
