F:\C++\ZUOYE2\DEBUG\ZUOYE2.EXE
F:\C++\ZUOYE2\DEBUG\ZUOYE2.ILK
F:\C++\ZUOYE2\DEBUG\ZUOYE2.PDB
F:\c++\zuoye2\zuoye2\Debug\cl.command.1.tlog
F:\c++\zuoye2\zuoye2\Debug\CL.read.1.tlog
F:\c++\zuoye2\zuoye2\Debug\CL.write.1.tlog
F:\C++\ZUOYE2\ZUOYE2\DEBUG\DATE.OBJ
F:\c++\zuoye2\zuoye2\Debug\link.10736.read.1.tlog
F:\c++\zuoye2\zuoye2\Debug\link.10736.write.1.tlog
F:\c++\zuoye2\zuoye2\Debug\link.10736-cvtres.read.1.tlog
F:\c++\zuoye2\zuoye2\Debug\link.10736-cvtres.write.1.tlog
F:\c++\zuoye2\zuoye2\Debug\link.command.1.tlog
F:\c++\zuoye2\zuoye2\Debug\link.read.1.tlog
F:\c++\zuoye2\zuoye2\Debug\link.write.1.tlog
F:\c++\zuoye2\zuoye2\Debug\link-cvtres.read.1.tlog
F:\c++\zuoye2\zuoye2\Debug\link-cvtres.write.1.tlog
F:\C++\ZUOYE2\ZUOYE2\DEBUG\MAIN.OBJ
F:\c++\zuoye2\zuoye2\Debug\mt.command.1.tlog
F:\c++\zuoye2\zuoye2\Debug\mt.read.1.tlog
F:\c++\zuoye2\zuoye2\Debug\mt.write.1.tlog
F:\c++\zuoye2\zuoye2\Debug\rc.command.1.tlog
F:\c++\zuoye2\zuoye2\Debug\rc.read.1.tlog
F:\c++\zuoye2\zuoye2\Debug\rc.write.1.tlog
F:\c++\zuoye2\zuoye2\Debug\vc100.idb
F:\C++\ZUOYE2\ZUOYE2\DEBUG\VC100.PDB
F:\C++\ZUOYE2\ZUOYE2\DEBUG\ZUOYE2.EXE.EMBED.MANIFEST
F:\C++\ZUOYE2\ZUOYE2\DEBUG\ZUOYE2.EXE.EMBED.MANIFEST.RES
F:\C++\ZUOYE2\ZUOYE2\DEBUG\ZUOYE2.EXE.INTERMEDIATE.MANIFEST
F:\c++\zuoye2\zuoye2\Debug\zuoye2.write.1.tlog
F:\c++\zuoye2\zuoye2\Debug\zuoye2_manifest.rc
