生成启动时间为 2015/3/21 9:00:21。
     1>项目“F:\c++\zuoye2\zuoye2\zuoye2.vcxproj”在节点 2 上(rebuild 个目标)。
     1>_PrepareForClean:
         正在删除文件“Debug\zuoye2.lastbuildstate”。
       InitializeBuildStatus:
         正在创建“Debug\zuoye2.unsuccessfulbuild”，因为已指定“AlwaysCreate”。
       ClCompile:
         f:\vs2010\VC\bin\CL.exe /c /ZI /nologo /W3 /WX- /Od /Oy- /D WIN32 /D _DEBUG /D _CONSOLE /D _UNICODE /D UNICODE /Gm /EHsc /RTC1 /MDd /GS /fp:precise /Zc:wchar_t /Zc:forScope /Fo"Debug\\" /Fd"Debug\vc100.pdb" /Gd /TP /analyze- /errorReport:prompt Date.cpp main.cpp
         main.cpp
         Date.cpp
         正在生成代码...
       ManifestResourceCompile:
         C:\Program Files (x86)\Microsoft SDKs\Windows\v7.0A\bin\rc.exe /nologo /fo"Debug\zuoye2.exe.embed.manifest.res" Debug\zuoye2_manifest.rc 
       Link:
         f:\vs2010\VC\bin\link.exe /ERRORREPORT:PROMPT /OUT:"F:\c++\zuoye2\Debug\zuoye2.exe" /INCREMENTAL /NOLOGO kernel32.lib user32.lib gdi32.lib winspool.lib comdlg32.lib advapi32.lib shell32.lib ole32.lib oleaut32.lib uuid.lib odbc32.lib odbccp32.lib /MANIFEST /ManifestFile:"Debug\zuoye2.exe.intermediate.manifest" /MANIFESTUAC:"level='asInvoker' uiAccess='false'" /DEBUG /PDB:"F:\c++\zuoye2\Debug\zuoye2.pdb" /SUBSYSTEM:CONSOLE /TLBID:1 /DYNAMICBASE /NXCOMPAT /IMPLIB:"F:\c++\zuoye2\Debug\zuoye2.lib" /MACHINE:X86 Debug\zuoye2.exe.embed.manifest.res
         Debug\Date.obj
         Debug\main.obj
       Manifest:
         正在删除文件“Debug\zuoye2.exe.embed.manifest”。
         C:\Program Files (x86)\Microsoft SDKs\Windows\v7.0A\bin\mt.exe /nologo /verbose /out:"Debug\zuoye2.exe.embed.manifest" /manifest Debug\zuoye2.exe.intermediate.manifest
         C:\Program Files (x86)\Microsoft SDKs\Windows\v7.0A\bin\rc.exe /nologo /fo"Debug\zuoye2.exe.embed.manifest.res" Debug\zuoye2_manifest.rc 
       LinkEmbedManifest:
         f:\vs2010\VC\bin\link.exe /ERRORREPORT:PROMPT /OUT:"F:\c++\zuoye2\Debug\zuoye2.exe" /INCREMENTAL /NOLOGO kernel32.lib user32.lib gdi32.lib winspool.lib comdlg32.lib advapi32.lib shell32.lib ole32.lib oleaut32.lib uuid.lib odbc32.lib odbccp32.lib /MANIFEST /ManifestFile:"Debug\zuoye2.exe.intermediate.manifest" /MANIFESTUAC:"level='asInvoker' uiAccess='false'" /DEBUG /PDB:"F:\c++\zuoye2\Debug\zuoye2.pdb" /SUBSYSTEM:CONSOLE /TLBID:1 /DYNAMICBASE /NXCOMPAT /IMPLIB:"F:\c++\zuoye2\Debug\zuoye2.lib" /MACHINE:X86 Debug\zuoye2.exe.embed.manifest.res
         Debug\Date.obj
         Debug\main.obj
         zuoye2.vcxproj -> F:\c++\zuoye2\Debug\zuoye2.exe
       FinalizeBuildStatus:
         正在删除文件“Debug\zuoye2.unsuccessfulbuild”。
         正在对“Debug\zuoye2.lastbuildstate”执行 Touch 任务。
     1>已完成生成项目“F:\c++\zuoye2\zuoye2\zuoye2.vcxproj”(rebuild 个目标)的操作。

生成成功。

已用时间 00:00:03.34
