F:\C++\MAIN2\DEBUG\MAIN2.EXE
F:\C++\MAIN2\DEBUG\MAIN2.ILK
F:\C++\MAIN2\DEBUG\MAIN2.PDB
F:\c++\main2\main2\Debug\cl.command.1.tlog
F:\c++\main2\main2\Debug\CL.read.1.tlog
F:\c++\main2\main2\Debug\CL.write.1.tlog
F:\c++\main2\main2\Debug\link.4028.read.1.tlog
F:\c++\main2\main2\Debug\link.4028.write.1.tlog
F:\c++\main2\main2\Debug\link.4028-cvtres.read.1.tlog
F:\c++\main2\main2\Debug\link.4028-cvtres.write.1.tlog
F:\c++\main2\main2\Debug\link.command.1.tlog
F:\c++\main2\main2\Debug\link.read.1.tlog
F:\c++\main2\main2\Debug\link.write.1.tlog
F:\c++\main2\main2\Debug\link-cvtres.read.1.tlog
F:\c++\main2\main2\Debug\link-cvtres.write.1.tlog
F:\C++\MAIN2\MAIN2\DEBUG\MAIN2.EXE.EMBED.MANIFEST
F:\C++\MAIN2\MAIN2\DEBUG\MAIN2.EXE.EMBED.MANIFEST.RES
F:\C++\MAIN2\MAIN2\DEBUG\MAIN2.EXE.INTERMEDIATE.MANIFEST
F:\c++\main2\main2\Debug\main2.vcxprojResolveAssemblyReference.cache
F:\c++\main2\main2\Debug\main2.write.1.tlog
F:\c++\main2\main2\Debug\main2_manifest.rc
F:\c++\main2\main2\Debug\mt.command.1.tlog
F:\c++\main2\main2\Debug\mt.read.1.tlog
F:\c++\main2\main2\Debug\mt.write.1.tlog
F:\c++\main2\main2\Debug\rc.command.1.tlog
F:\c++\main2\main2\Debug\rc.read.1.tlog
F:\c++\main2\main2\Debug\rc.write.1.tlog
F:\c++\main2\main2\Debug\vc100.idb
F:\C++\MAIN2\MAIN2\DEBUG\VC100.PDB
F:\C++\MAIN2\MAIN2\DEBUG\ZUOBIAO.OBJ
