C:\USERS\孟\DESKTOP\MENG\高斯消元\DEBUG\高斯消元.EXE
C:\USERS\孟\DESKTOP\MENG\高斯消元\DEBUG\高斯消元.ILK
C:\USERS\孟\DESKTOP\MENG\高斯消元\DEBUG\高斯消元.PDB
C:\USERS\孟\DESKTOP\MENG\高斯消元\高斯消元\DEBUG\GAOSI.OBJ
C:\USERS\孟\DESKTOP\MENG\高斯消元\高斯消元\DEBUG\MAIN.OBJ
C:\USERS\孟\DESKTOP\MENG\高斯消元\高斯消元\DEBUG\VC100.PDB
C:\USERS\孟\DESKTOP\MENG\高斯消元\高斯消元\DEBUG\高斯消元.EXE.EMBED.MANIFEST
C:\USERS\孟\DESKTOP\MENG\高斯消元\高斯消元\DEBUG\高斯消元.EXE.EMBED.MANIFEST.RES
C:\USERS\孟\DESKTOP\MENG\高斯消元\高斯消元\DEBUG\高斯消元.EXE.INTERMEDIATE.MANIFEST
E:\大一小学期\A\高斯消元\Debug\高斯消元.pdb
E:\大一小学期\A\高斯消元\高斯消元\Debug\cl.command.1.tlog
E:\大一小学期\A\高斯消元\高斯消元\Debug\CL.read.1.tlog
E:\大一小学期\A\高斯消元\高斯消元\Debug\CL.write.1.tlog
E:\大一小学期\A\高斯消元\高斯消元\DEBUG\GAOSI.OBJ
E:\大一小学期\A\高斯消元\高斯消元\Debug\link.4456.read.1.tlog
E:\大一小学期\A\高斯消元\高斯消元\Debug\link.4456.write.1.tlog
E:\大一小学期\A\高斯消元\高斯消元\Debug\link.4456-cvtres.read.1.tlog
E:\大一小学期\A\高斯消元\高斯消元\Debug\link.4456-cvtres.write.1.tlog
E:\大一小学期\A\高斯消元\高斯消元\Debug\link.command.1.tlog
E:\大一小学期\A\高斯消元\高斯消元\Debug\link.read.1.tlog
E:\大一小学期\A\高斯消元\高斯消元\Debug\link.write.1.tlog
E:\大一小学期\A\高斯消元\高斯消元\Debug\link-cvtres.read.1.tlog
E:\大一小学期\A\高斯消元\高斯消元\Debug\link-cvtres.write.1.tlog
E:\大一小学期\A\高斯消元\高斯消元\DEBUG\MAIN.OBJ
E:\大一小学期\A\高斯消元\高斯消元\Debug\mt.command.1.tlog
E:\大一小学期\A\高斯消元\高斯消元\Debug\mt.read.1.tlog
E:\大一小学期\A\高斯消元\高斯消元\Debug\mt.write.1.tlog
E:\大一小学期\A\高斯消元\高斯消元\Debug\rc.command.1.tlog
E:\大一小学期\A\高斯消元\高斯消元\Debug\rc.read.1.tlog
E:\大一小学期\A\高斯消元\高斯消元\Debug\rc.write.1.tlog
E:\大一小学期\A\高斯消元\高斯消元\Debug\vc100.idb
E:\大一小学期\A\高斯消元\高斯消元\DEBUG\VC100.PDB
E:\大一小学期\A\高斯消元\高斯消元\Debug\高斯消元.exe.embed.manifest
E:\大一小学期\A\高斯消元\高斯消元\DEBUG\高斯消元.EXE.EMBED.MANIFEST.RES
E:\大一小学期\A\高斯消元\高斯消元\Debug\高斯消元.exe.intermediate.manifest
E:\大一小学期\A\高斯消元\高斯消元\Debug\高斯消元.vcxprojResolveAssemblyReference.cache
E:\大一小学期\A\高斯消元\高斯消元\Debug\高斯消元.write.1.tlog
E:\大一小学期\A\高斯消元\高斯消元\Debug\高斯消元_manifest.rc
