E:\大一小学期\A\无符号大整数\DEBUG\无符号大整数.EXE
E:\大一小学期\A\无符号大整数\DEBUG\无符号大整数.ILK
E:\大一小学期\A\无符号大整数\DEBUG\无符号大整数.PDB
E:\大一小学期\A\无符号大整数\无符号大整数\Debug\cl.command.1.tlog
E:\大一小学期\A\无符号大整数\无符号大整数\Debug\CL.read.1.tlog
E:\大一小学期\A\无符号大整数\无符号大整数\Debug\CL.write.1.tlog
E:\大一小学期\A\无符号大整数\无符号大整数\Debug\link.952.read.1.tlog
E:\大一小学期\A\无符号大整数\无符号大整数\Debug\link.952.write.1.tlog
E:\大一小学期\A\无符号大整数\无符号大整数\Debug\link.952-cvtres.read.1.tlog
E:\大一小学期\A\无符号大整数\无符号大整数\Debug\link.952-cvtres.write.1.tlog
E:\大一小学期\A\无符号大整数\无符号大整数\Debug\link.command.1.tlog
E:\大一小学期\A\无符号大整数\无符号大整数\Debug\link.read.1.tlog
E:\大一小学期\A\无符号大整数\无符号大整数\Debug\link.write.1.tlog
E:\大一小学期\A\无符号大整数\无符号大整数\Debug\link-cvtres.read.1.tlog
E:\大一小学期\A\无符号大整数\无符号大整数\Debug\link-cvtres.write.1.tlog
E:\大一小学期\A\无符号大整数\无符号大整数\DEBUG\MAIN.OBJ
E:\大一小学期\A\无符号大整数\无符号大整数\Debug\mt.command.1.tlog
E:\大一小学期\A\无符号大整数\无符号大整数\Debug\mt.read.1.tlog
E:\大一小学期\A\无符号大整数\无符号大整数\Debug\mt.write.1.tlog
E:\大一小学期\A\无符号大整数\无符号大整数\Debug\rc.command.1.tlog
E:\大一小学期\A\无符号大整数\无符号大整数\Debug\rc.read.1.tlog
E:\大一小学期\A\无符号大整数\无符号大整数\Debug\rc.write.1.tlog
E:\大一小学期\A\无符号大整数\无符号大整数\Debug\vc100.idb
E:\大一小学期\A\无符号大整数\无符号大整数\DEBUG\VC100.PDB
E:\大一小学期\A\无符号大整数\无符号大整数\DEBUG\YUNSUAN.OBJ
E:\大一小学期\A\无符号大整数\无符号大整数\DEBUG\无符号大整数.EXE.EMBED.MANIFEST
E:\大一小学期\A\无符号大整数\无符号大整数\DEBUG\无符号大整数.EXE.EMBED.MANIFEST.RES
E:\大一小学期\A\无符号大整数\无符号大整数\DEBUG\无符号大整数.EXE.INTERMEDIATE.MANIFEST
E:\大一小学期\A\无符号大整数\无符号大整数\Debug\无符号大整数.write.1.tlog
E:\大一小学期\A\无符号大整数\无符号大整数\Debug\无符号大整数_manifest.rc
