生成启动时间为 2015/7/13 19:17:17。
     1>项目“E:\大一小学期\A\矩阵\高斯消元\高斯消元\高斯消元.vcxproj”在节点 2 上(rebuild 个目标)。
     1>_PrepareForClean:
         正在删除文件“Debug\高斯消元.lastbuildstate”。
       InitializeBuildStatus:
         正在对“Debug\高斯消元.unsuccessfulbuild”执行 Touch 任务。
       ClCompile:
         f:\vs2010\VC\bin\CL.exe /c /ZI /nologo /W3 /WX- /Od /Oy- /D WIN32 /D _DEBUG /D _CONSOLE /D _UNICODE /D UNICODE /Gm /EHsc /RTC1 /MDd /GS /fp:precise /Zc:wchar_t /Zc:forScope /Fo"Debug\\" /Fd"Debug\vc100.pdb" /Gd /TP /analyze- /errorReport:prompt gaosi.cpp main.cpp
         main.cpp
         gaosi.cpp
         正在生成代码...
       ManifestResourceCompile:
         C:\Program Files (x86)\Microsoft SDKs\Windows\v7.0A\bin\rc.exe /nologo /fo"Debug\高斯消元.exe.embed.manifest.res" "Debug\高斯消元_manifest.rc" 
       Link:
         f:\vs2010\VC\bin\link.exe /ERRORREPORT:PROMPT /OUT:"E:\大一小学期\A\矩阵\高斯消元\Debug\高斯消元.exe" /INCREMENTAL /NOLOGO kernel32.lib user32.lib gdi32.lib winspool.lib comdlg32.lib advapi32.lib shell32.lib ole32.lib oleaut32.lib uuid.lib odbc32.lib odbccp32.lib /MANIFEST /ManifestFile:"Debug\高斯消元.exe.intermediate.manifest" /MANIFESTUAC:"level='asInvoker' uiAccess='false'" /DEBUG /PDB:"E:\大一小学期\A\矩阵\高斯消元\Debug\高斯消元.pdb" /SUBSYSTEM:CONSOLE /TLBID:1 /DYNAMICBASE /NXCOMPAT /IMPLIB:"E:\大一小学期\A\矩阵\高斯消元\Debug\高斯消元.lib" /MACHINE:X86 "Debug\高斯消元.exe.embed.manifest.res"
         Debug\gaosi.obj
         Debug\main.obj
       Manifest:
         正在删除文件“Debug\高斯消元.exe.embed.manifest”。
         C:\Program Files (x86)\Microsoft SDKs\Windows\v7.0A\bin\mt.exe /nologo /verbose /out:"Debug\高斯消元.exe.embed.manifest" /manifest "Debug\高斯消元.exe.intermediate.manifest"
         C:\Program Files (x86)\Microsoft SDKs\Windows\v7.0A\bin\rc.exe /nologo /fo"Debug\高斯消元.exe.embed.manifest.res" "Debug\高斯消元_manifest.rc" 
       LinkEmbedManifest:
         f:\vs2010\VC\bin\link.exe /ERRORREPORT:PROMPT /OUT:"E:\大一小学期\A\矩阵\高斯消元\Debug\高斯消元.exe" /INCREMENTAL /NOLOGO kernel32.lib user32.lib gdi32.lib winspool.lib comdlg32.lib advapi32.lib shell32.lib ole32.lib oleaut32.lib uuid.lib odbc32.lib odbccp32.lib /MANIFEST /ManifestFile:"Debug\高斯消元.exe.intermediate.manifest" /MANIFESTUAC:"level='asInvoker' uiAccess='false'" /DEBUG /PDB:"E:\大一小学期\A\矩阵\高斯消元\Debug\高斯消元.pdb" /SUBSYSTEM:CONSOLE /TLBID:1 /DYNAMICBASE /NXCOMPAT /IMPLIB:"E:\大一小学期\A\矩阵\高斯消元\Debug\高斯消元.lib" /MACHINE:X86 "Debug\高斯消元.exe.embed.manifest.res"
         Debug\gaosi.obj
         Debug\main.obj
         高斯消元.vcxproj -> E:\大一小学期\A\矩阵\高斯消元\Debug\高斯消元.exe
       FinalizeBuildStatus:
         正在删除文件“Debug\高斯消元.unsuccessfulbuild”。
         正在对“Debug\高斯消元.lastbuildstate”执行 Touch 任务。
     1>已完成生成项目“E:\大一小学期\A\矩阵\高斯消元\高斯消元\高斯消元.vcxproj”(rebuild 个目标)的操作。

生成成功。

已用时间 00:00:03.04
