C:\USERS\孟\DESKTOP\人机下棋\DEBUG\人机下棋.EXE
C:\USERS\孟\DESKTOP\人机下棋\DEBUG\人机下棋.ILK
C:\USERS\孟\DESKTOP\人机下棋\DEBUG\人机下棋.PDB
C:\USERS\孟\DESKTOP\人机下棋\人机下棋\DEBUG\CHESS.OBJ
C:\Users\孟\Desktop\人机下棋\人机下棋\Debug\cl.command.1.tlog
C:\Users\孟\Desktop\人机下棋\人机下棋\Debug\CL.read.1.tlog
C:\Users\孟\Desktop\人机下棋\人机下棋\Debug\CL.write.1.tlog
C:\Users\孟\Desktop\人机下棋\人机下棋\Debug\link.320.read.1.tlog
C:\Users\孟\Desktop\人机下棋\人机下棋\Debug\link.320.write.1.tlog
C:\Users\孟\Desktop\人机下棋\人机下棋\Debug\link.320-cvtres.read.1.tlog
C:\Users\孟\Desktop\人机下棋\人机下棋\Debug\link.320-cvtres.write.1.tlog
C:\Users\孟\Desktop\人机下棋\人机下棋\Debug\link.command.1.tlog
C:\Users\孟\Desktop\人机下棋\人机下棋\Debug\link.read.1.tlog
C:\Users\孟\Desktop\人机下棋\人机下棋\Debug\link.write.1.tlog
C:\Users\孟\Desktop\人机下棋\人机下棋\Debug\link-cvtres.read.1.tlog
C:\Users\孟\Desktop\人机下棋\人机下棋\Debug\link-cvtres.write.1.tlog
C:\USERS\孟\DESKTOP\人机下棋\人机下棋\DEBUG\MAIN.OBJ
C:\Users\孟\Desktop\人机下棋\人机下棋\Debug\mt.command.1.tlog
C:\Users\孟\Desktop\人机下棋\人机下棋\Debug\mt.read.1.tlog
C:\Users\孟\Desktop\人机下棋\人机下棋\Debug\mt.write.1.tlog
C:\Users\孟\Desktop\人机下棋\人机下棋\Debug\rc.command.1.tlog
C:\Users\孟\Desktop\人机下棋\人机下棋\Debug\rc.read.1.tlog
C:\Users\孟\Desktop\人机下棋\人机下棋\Debug\rc.write.1.tlog
C:\Users\孟\Desktop\人机下棋\人机下棋\Debug\vc100.idb
C:\USERS\孟\DESKTOP\人机下棋\人机下棋\DEBUG\VC100.PDB
C:\USERS\孟\DESKTOP\人机下棋\人机下棋\DEBUG\人机下棋.EXE.EMBED.MANIFEST
C:\USERS\孟\DESKTOP\人机下棋\人机下棋\DEBUG\人机下棋.EXE.EMBED.MANIFEST.RES
C:\USERS\孟\DESKTOP\人机下棋\人机下棋\DEBUG\人机下棋.EXE.INTERMEDIATE.MANIFEST
C:\Users\孟\Desktop\人机下棋\人机下棋\Debug\人机下棋.vcxprojResolveAssemblyReference.cache
C:\Users\孟\Desktop\人机下棋\人机下棋\Debug\人机下棋.write.1.tlog
C:\Users\孟\Desktop\人机下棋\人机下棋\Debug\人机下棋_manifest.rc
